<?xml version="1.0" encoding="UTF-8"?>
<!-- Generated by org.testng.reporters.JUnitReportReporter -->
<testsuite hostname="4SHISH" failures="0" tests="1" name="TestngPlusExcel" time="0.686" errors="0" timestamp="2024-01-28T23:09:27 IST" skipped="0">
  <testcase classname="TestngPlusExcel" name="testcaseone" time="0.686"/>
</testsuite> <!-- TestngPlusExcel -->
