<?xml version="1.0" encoding="UTF-8"?>
<!-- Generated by org.testng.reporters.JUnitReportReporter -->
<testsuite hostname="4SHISH" failures="0" tests="3" name="ngExcel" time="0.010" errors="0" timestamp="2024-01-29T17:51:40 IST" skipped="0">
  <testcase classname="ngExcel" name="testrun" time="0.008"/>
  <testcase classname="ngExcel" name="testrun" time="0.001"/>
  <testcase classname="ngExcel" name="testrun" time="0.001"/>
</testsuite> <!-- ngExcel -->
