<?xml version="1.0" encoding="UTF-8"?>
<!-- Generated by org.testng.reporters.JUnitReportReporter -->
<testsuite hostname="4SHISH" failures="0" tests="1" name="All_Reports.reports.extentReports" time="10.367" errors="0" timestamp="2024-01-20T23:17:30 IST" skipped="0">
  <testcase classname="All_Reports.reports.extentReports" name="firstReport" time="10.367"/>
</testsuite> <!-- All_Reports.reports.extentReports -->
