<?xml version="1.0" encoding="UTF-8"?>
<!-- Generated by org.testng.reporters.JUnitReportReporter -->
<testsuite hostname="4SHISH" failures="0" tests="1" name="sanity.liberty" time="86.271" errors="0" timestamp="2023-11-18T10:34:46 IST" skipped="0">
  <testcase classname="sanity.liberty" name="main" time="86.271"/>
</testsuite> <!-- sanity.liberty -->
