<?xml version="1.0" encoding="UTF-8"?>
<!-- Generated by org.testng.reporters.JUnitReportReporter -->
<testsuite hostname="4SHISH" failures="0" tests="1" name="sbi.sbisanity" time="123.936" errors="0" timestamp="2023-09-21T10:22:42 IST" skipped="0">
  <testcase classname="sbi.sbisanity" name="main" time="123.936"/>
</testsuite> <!-- sbi.sbisanity -->
