<?xml version="1.0" encoding="UTF-8"?>
<!-- Generated by org.testng.reporters.JUnitReportReporter -->
<testsuite hostname="4SHISH" failures="0" tests="1" name="sbi.sbip2" time="80.682" errors="0" timestamp="2023-09-21T10:22:42 IST" skipped="0">
  <testcase classname="sbi.sbip2" name="main" time="80.682"/>
</testsuite> <!-- sbi.sbip2 -->
