<?xml version="1.0" encoding="UTF-8"?>
<!-- Generated by org.testng.reporters.JUnitReportReporter -->
<testsuite hostname="4SHISH" failures="0" tests="1" name="mcigna.mcigna" time="135.086" errors="0" timestamp="2023-09-22T11:18:16 IST" skipped="0">
  <testcase classname="mcigna.mcigna" name="main" time="135.086"/>
</testsuite> <!-- mcigna.mcigna -->
