<?xml version="1.0" encoding="UTF-8"?>
<!-- Generated by org.testng.reporters.JUnitReportReporter -->
<testsuite hostname="4SHISH" failures="0" tests="1" name="liberty.libertysanity" time="93.090" errors="0" timestamp="2023-09-26T10:20:53 IST" skipped="0">
  <testcase classname="liberty.libertysanity" name="main" time="93.090"/>
</testsuite> <!-- liberty.libertysanity -->
