<?xml version="1.0" encoding="UTF-8"?>
<!-- Generated by org.testng.reporters.JUnitReportReporter -->
<testsuite hostname="4SHISH" failures="0" tests="1" name="sanity.sbi" time="117.020" errors="0" timestamp="2023-11-18T10:34:46 IST" skipped="0">
  <testcase classname="sanity.sbi" name="main" time="117.020"/>
</testsuite> <!-- sanity.sbi -->
