<?xml version="1.0" encoding="UTF-8"?>
<!-- Generated by org.testng.reporters.JUnitReportReporter -->
<testsuite hostname="4SHISH" failures="0" tests="2" name="testing.login" time="23.089" errors="0" timestamp="2024-01-23T18:19:08 IST" skipped="0">
  <testcase classname="testing.login" name="FirstRun" time="9.499"/>
  <testcase classname="testing.login" name="FirstRun" time="13.590"/>
</testsuite> <!-- testing.login -->
